<?xml version="1.0" encoding="UTF-8"?>
<testsuite name="PhiTableTest" tests="2" skipped="0" failures="0" errors="0" timestamp="2021-12-03T15:06:13" hostname="DESKTOP-VVAD70B" time="0.068">
  <properties/>
  <testcase name="testPhi()" classname="PhiTableTest" time="0.063"/>
  <testcase name="testTable()" classname="PhiTableTest" time="0.004"/>
  <system-out><![CDATA[]]></system-out>
  <system-err><![CDATA[]]></system-err>
</testsuite>
